WANGWU登录成功！！！
芙蓉姐姐登录成功
芙蓉姐姐登录失败
芙蓉姐姐登录成功
芙蓉姐姐登录成功
yc登录成功
源辰登录成功
源辰登录成功
y登录失败
源辰登录失败
源辰登录失败
源辰登录成功
源辰登录成功
源辰登录成功
源辰登录成功
芙蓉姐姐登录成功
源辰登录成功
源辰登录成功
源辰登录成功
源辰登录成功
源辰登录成功
源辰登录成功
源辰登录成功
源辰登录成功
芙蓉姐姐登录成功
芙蓉姐姐登录成功
芙蓉姐姐登录成功
神仙姐姐登录成功
源辰登录成功
神仙姐姐登录成功
源辰登录成功
源辰登录成功
源辰登录成功
源辰登录成功
源辰登录成功
源辰登录成功
源辰登录成功
源辰登录成功
源辰登录成功
源辰登录成功
源辰登录成功
源辰登录成功
源辰登录成功
源辰登录成功
源辰登录成功
源辰登录成功
源辰登录成功
源辰登录成功
源辰登录成功
源辰登录成功
源辰登录成功
源辰登录成功
源辰登录成功
神仙姐姐登录成功
神仙姐姐登录成功
神仙姐姐登录成功
杨婷登录失败
杨婷登录成功
杨婷登录成功
杨婷登录成功
